<?xml version="1.0" encoding="utf-8"?><testsuites name="pytest tests"><testsuite name="pytest" errors="0" failures="0" skipped="0" tests="44" time="1.165" timestamp="2026-08-03T03:23:27.522691+00:00" hostname="parrot"><testcase classname="tests.test_checks_edge_cases" name="test_valid_tls_passes" time="0.001" /><testcase classname="tests.test_checks_edge_cases" name="test_tls_exactly_at_minimum_passes" time="0.001" /><testcase classname="tests.test_checks_edge_cases" name="test_invalid_mfa_missing_on_privileged_fails" time="0.001" /><testcase classname="tests.test_checks_edge_cases" name="test_mfa_missing_on_non_privileged_is_not_a_finding" time="0.001" /><testcase classname="tests.test_checks_edge_cases" name="test_hash_chain_valid_link_passes" time="0.001" /><testcase classname="tests.test_checks_edge_cases" name="test_deletion_completion_missing_is_insufficient_not_fail" time="0.001" /><testcase classname="tests.test_checks_edge_cases" name="test_deletion_order_exactly_equal_timestamps_is_not_a_violation" time="0.001" /><testcase classname="tests.test_checks_edge_cases" name="test_backup_purge_present_passes" time="0.001" /><testcase classname="tests.test_checks_edge_cases" name="test_backup_purge_irrelevant_when_job_failed" time="0.002" /><testcase classname="tests.test_checks_edge_cases" name="test_region_claim_matching_passes" time="0.002" /><testcase classname="tests.test_checks_edge_cases" name="test_assurance_present_and_independent_passes" time="0.002" /><testcase classname="tests.test_checks_edge_cases" name="test_assurance_self_assessment_is_insufficient_not_pass" time="0.001" /><testcase classname="tests.test_checks_edge_cases" name="test_notification_clock_with_independent_customer_trigger_passes" time="0.002" /><testcase classname="tests.test_checks_edge_cases" name="test_graph_orphan_known_parent_passes" time="0.002" /><testcase classname="tests.test_checks_edge_cases" name="test_undisclosed_subprocessor_extension_check" time="0.002" /><testcase classname="tests.test_checks_edge_cases" name="test_disclosed_subprocessor_extension_check_passes" time="0.001" /><testcase classname="tests.test_decision_no_hardcoded_entities" name="test_decision_text_has_no_leftover_entity_names_after_replacement_export" time="0.187" /><testcase classname="tests.test_decision_no_hardcoded_entities" name="test_pipeline_does_not_crash_or_go_stale_when_exception_id_and_regions_change" time="0.054" /><testcase classname="tests.test_decision_no_hardcoded_entities" name="test_no_crash_when_alert_review_exception_is_entirely_absent" time="0.049" /><testcase classname="tests.test_no_unsafe_lookups" name="test_no_bare_next_calls_without_a_default" time="0.069" /><testcase classname="tests.test_no_unsafe_lookups" name="test_no_literal_case_specific_identifiers_as_dict_lookup_keys_or_equality_targets" time="0.023" /><testcase classname="tests.test_pipeline" name="test_pipeline_runs_and_returns_verdicts" time="0.021" /><testcase classname="tests.test_pipeline" name="test_insufficient_is_never_silently_promoted_to_pass" time="0.023" /><testcase classname="tests.test_pipeline" name="test_broken_hash_chain_is_detected" time="0.025" /><testcase classname="tests.test_pipeline" name="test_deletion_job_success_before_completion_is_detected" time="0.029" /><testcase classname="tests.test_pipeline" name="test_backup_purge_unproven_detected_for_del710" time="0.020" /><testcase classname="tests.test_pipeline" name="test_region_claim_contradicted_detected" time="0.024" /><testcase classname="tests.test_pipeline" name="test_undisclosed_subprocessors_detected" time="0.025" /><testcase classname="tests.test_pipeline" name="test_every_verdict_ties_to_an_exact_locator_and_no_two_are_identical_locators_for_same_check" time="0.025" /><testcase classname="tests.test_pipeline" name="test_pipeline_is_deterministic_across_runs" time="0.061" /><testcase classname="tests.test_pipeline" name="test_graph_accounts_for_every_subprocessor_edge" time="0.016" /><testcase classname="tests.test_pipeline" name="test_graph_has_no_unexpected_cycles_or_orphans" time="0.017" /><testcase classname="tests.test_pipeline" name="test_decision_has_executable_fail_closed_conditions_for_every_material_code" time="0.041" /><testcase classname="tests.test_public_fixtures" name="test_fixture_file_has_twenty_cases" time="0.002" /><testcase classname="tests.test_public_fixtures" name="test_all_public_fixtures_match_expected_result" time="0.003" /><testcase classname="tests.test_public_fixtures" name="test_each_check_id_covered_by_at_least_one_fixture" time="0.003" /><testcase classname="tests.test_replacement_export_rehearsal" name="test_replacement_telemetry_export_flows_through_without_validator_edits" time="0.053" /><testcase classname="tests.test_schema_validation" name="test_supplied_exports_are_schema_valid[vendor-claims.json-sig-claims.schema.json]" time="0.005" /><testcase classname="tests.test_schema_validation" name="test_supplied_exports_are_schema_valid[vendor-telemetry.json-telemetry.schema.json]" time="0.009" /><testcase classname="tests.test_schema_validation" name="test_supplied_exports_are_schema_valid[assurance-and-contract.json-assurance-contract.schema.json]" time="0.012" /><testcase classname="tests.test_schema_validation" name="test_missing_required_field_is_rejected" time="0.011" /><testcase classname="tests.test_schema_validation" name="test_wrong_type_is_rejected" time="0.004" /><testcase classname="tests.test_schema_validation" name="test_malformed_tls_protocol_string_is_rejected" time="0.015" /><testcase classname="tests.test_schema_validation" name="test_stale_date_still_schema_valid_but_flagged_by_business_logic" time="0.011" /></testsuite></testsuites>